Generated by: lqns, version 6.0
Copyright the Real-Time and Distributed Systems Group,
Department of Systems and Computer Engineering
Carleton University, Ottawa, Ontario, Canada. K1S 5B6

Invoked as: lqns -x example_layeredModel_4.xml
Input:  example_layeredModel_4.xml
Comment: 

Convergence test value: 4.4293e-006
Number of iterations:   6

Solver: 
    Elapsed:     0:00:00.000


    Submodels:  2
    MVA Core():           12
    MVA Step():           70
    MVA Wait():          880

Processor identifiers and scheduling algorithms:

Processor Name  Type    Copies  Scheduling
P1              Uni       1     PS
P2              Uni       1     PS


Task information:

Task Name       Type    Copies  Processor Name  Pri Think Time  Entry List
T1              Ref(10)   1     P1              0  100         E1 : AS1, AS2
T2              Uni       1     P2              0              E2 : AS3, AS4


Entry execution demands:

Task Name       Entry Name      Phase 1     
T1              Activity Name   
                AS1             1.6         
                AS2             0           
T2              Activity Name   
                AS3             1           
                AS4             1           


Mean number of non-blocking sends from entry to entry:

Task Name       Source Entry    Target Entry    Phase 1     
T1                              Activity Name   
                AS2             E2              1           


Phase type flags:
All phases are stochastic.


Squared coefficient of variation of execution segments:
All executable segments are exponential.


Open arrival rates per entry:
All open arrival rates are 0.


Type 1 throughput bounds: 

Task Name       Entry Name      Throughput  
T1              E1              0.0984252   
T2              E2              0.5         


Mean delay for a send-no-reply request:

Task Name       Source Entry    Target Entry    Phase 1     
T1                              Activity Name   
                AS2             E2              2.36649     


Service times:

Task Name       Entry Name      Phase 1     
T1              E1              1.85815     
                Activity Name   
                AS1             1.85815     
                AS2             0           
T2              E2              2           
                Activity Name   
                AS3             1           
                AS4             1           


Service time variance (per phase)
and squared coefficient of variation (over all phases):

Task Name       Entry Name      Phase 1     coeff of var **2
T1              E1              2.56        0.741445    
                Activity Name   
                AS1             2.56        
                AS2             0           
T2              E2              2           0.5         
                Activity Name   
                AS3             1           
                AS4             1           


Throughputs and utilizations per phase:

Task Name       Entry Name      Throughput  Phase 1     Total       
T1              E1              0.0981757   0.182425    0.182425
                Activity Name   
                AS1             0.0981757   0.182425    
                AS2             0.0981757   0           
T2              E2              0.0981757   0.196351    0.196351
                Activity Name   
                AS3             0.0981757   0.0981757   
                AS4             0.0981757   0.0981757   


Utilization and waiting per phase for processor:  P1

Task Name       Pri n   Entry Name      Utilization Phase 1     
T1              0   10  E1              0.157081    0           
                        Activity Name   
                        AS1             0.157081    0.258149    
                        AS2             0           0           
Task Total:                             0.157081    


Utilization and waiting per phase for processor:  P2

Task Name       Pri n   Entry Name      Utilization Phase 1     
T2              0   1   E2              0.196351    0           
                        Activity Name   
                        AS3             0.0981757   0           
                        AS4             0.0981757   0           
Task Total:                             0.196351    
