Generated by: lqns, version 6.0
Copyright the Real-Time and Distributed Systems Group,
Department of Systems and Computer Engineering
Carleton University, Ottawa, Ontario, Canada. K1S 5B6

Invoked as: lqns -x example_layeredModel_1.xml
Input:  example_layeredModel_1.xml
Comment: 

Convergence test value: 4.16037e-006
Number of iterations:   5

Solver: 
    Elapsed:     0:00:00.000


    Submodels:  2
    MVA Core():           10
    MVA Step():           72
    MVA Wait():         2600

Processor identifiers and scheduling algorithms:

Processor Name  Type    Copies  Scheduling
P1              Uni       1     PS
P2              Uni       1     PS


Task information:

Task Name       Type    Copies  Processor Name  Pri Think Time  Entry List
T1              Ref(10)   1     P1              0  100         E1 : AS1, AS2
T2              Uni       1     P2              0              E2 : AS3, AS4


Entry execution demands:

Task Name       Entry Name      Phase 1     
T1              Activity Name   
                AS1             1.6         
                AS2             0           
T2              Activity Name   
                AS3             5           
                AS4             1           


Mean number of rendezvous from entry to entry:

Task Name       Source Entry    Target Entry    Phase 1     
T1                              Activity Name   
                AS2             E2              1           


Phase type flags:
All phases are stochastic.


Squared coefficient of variation of execution segments:
All executable segments are exponential.


Open arrival rates per entry:
All open arrival rates are 0.


Type 1 throughput bounds: 

Task Name       Entry Name      Throughput  
T1              E1              0.0929368   
T2              E2              0.166667    


Mean delay for a rendezvous:

Task Name       Source Entry    Target Entry    Phase 1     
T1                              Activity Name   
                AS2             E2              4.79833     


Service times:

Task Name       Entry Name      Phase 1     
T1              E1              12.631      
                Activity Name   
                AS1             1.83267     
                AS2             10.7983     
T2              E2              6           
                Activity Name   
                AS3             5           
                AS4             1           


Service time variance (per phase)
and squared coefficient of variation (over all phases):

Task Name       Entry Name      Phase 1     coeff of var **2
T1              E1              100.56      0.630303    
                Activity Name   
                AS1             2.56        
                AS2             98          
T2              E2              26          0.722222    
                Activity Name   
                AS3             25          
                AS4             1           


Throughputs and utilizations per phase:

Task Name       Entry Name      Throughput  Phase 1     Total       
T1              E1              0.0887855   1.12145     1.12145
                Activity Name   
                AS1             0.0887855   0.162715    
                AS2             0.0887855   0.958736    
T2              E2              0.0887855   0.532713    0.532713
                Activity Name   
                AS3             0.0887855   0.443928    
                AS4             0.0887855   0.0887855   


Utilization and waiting per phase for processor:  P1

Task Name       Pri n   Entry Name      Utilization Phase 1     
T1              0   10  E1              0.142057    0           
                        Activity Name   
                        AS1             0.142057    0.232671    
                        AS2             0           0           
Task Total:                             0.142057    


Utilization and waiting per phase for processor:  P2

Task Name       Pri n   Entry Name      Utilization Phase 1     
T2              0   1   E2              0.532713    0           
                        Activity Name   
                        AS3             0.443928    0           
                        AS4             0.0887855   0           
Task Total:                             0.532713    
